Skipping install of 'sf' from a github remote, the SHA1 (c21be0f0) has not changed since last install.
  Use `force = TRUE` to force installation
Loading required package: methods
Linking to GEOS 3.5.0, GDAL 2.2.2, proj.4 4.9.2
Skipping install of 'osmdata' from a github remote, the SHA1 (0545bcc9) has not changed since last install.
  Use `force = TRUE` to force installation
Data (c) OpenStreetMap contributors, ODbL 1.0. http://www.openstreetmap.org/copyright
Loading required package: sp
Skipping install of 'ggplot2' from a github remote, the SHA1 (1f9ef732) has not changed since last install.
  Use `force = TRUE` to force installation
rgeos version: 0.3-26, (SVN revision 560)
 GEOS runtime version: 3.5.0-CAPI-1.9.0 r4084 
 Linking to sp version: 1.2-7 
 Polygon checking: TRUE 

Checking rgeos availability: TRUE
rgdal: version: 1.2-20, (SVN revision 725)
 Geospatial Data Abstraction Library extensions to R successfully loaded
 Loaded GDAL runtime: GDAL 2.2.2, released 2017/09/15
 Path to GDAL shared files: /usr/share/gdal/2.2
 GDAL binary built with GEOS: TRUE 
 Loaded PROJ.4 runtime: Rel. 4.9.2, 08 September 2015, [PJ_VERSION: 492]
 Path to PROJ.4 shared files: (autodetected)
 Linking to sp version: 1.2-7 

Attaching package: ‘data.table’

The following object is masked from ‘package:raster’:

    shift

Loading required package: bitops
[1] "loading raster"
[1] "loading roads"
[1] "loaded primary"
[1] "loaded secondary"
[1] "loaded motorway"
[1] "loaded trunk"
[1] "loaded tertiary"
[1] "binding roads"
[1] "bound"
[1] "about extracting data"
